2022-03-08 17:24:40.000583;M3A_Workflow Entry
2022-03-08 17:24:40.000583;M3A_Workflow.LoadData Entry
2022-03-08 17:24:40.000583;M3A_Workflow.LoadData Executing DataLoad (Milestone3A_DataInput1.csv)
2022-03-08 17:24:40.000596;M3A_Workflow.LoadData Exit
2022-03-08 17:24:40.000596;M3A_Workflow.BinningProcess Entry
2022-03-08 17:24:40.000597;M3A_Workflow.BinningProcess.BinningFor500 Entry
2022-03-08 17:24:40.000597;M3A_Workflow.BinningProcess.BinningFor500 Executing Binning (Milestone3A_BinningRule_500.csv , $(M3A_Workflow.LoadData.DataTable))
2022-03-08 17:24:40.000598;M3A_Workflow.BinningProcess.BinningFor501 Entry
2022-03-08 17:24:40.000601;M3A_Workflow.BinningProcess.BinningFor500 Exit
2022-03-08 17:24:40.000601;M3A_Workflow.BinningProcess.BinningFor502 Entry
2022-03-08 17:24:40.000601;M3A_Workflow.BinningProcess.BinningFor501 Executing Binning (Milestone3A_BinningRule_501.csv , $(M3A_Workflow.LoadData.DataTable))
2022-03-08 17:24:40.000601;M3A_Workflow.BinningProcess.BinningFor503 Entry
2022-03-08 17:24:40.000601;M3A_Workflow.BinningProcess.BinningFor504 Entry
2022-03-08 17:24:40.000605;M3A_Workflow.BinningProcess.BinningFor501 Exit
2022-03-08 17:24:40.000605;M3A_Workflow.BinningProcess.BinningFor502 Executing Binning (Milestone3A_BinningRule_502.csv , $(M3A_Workflow.LoadData.DataTable))
2022-03-08 17:24:40.000606;M3A_Workflow.BinningProcess.BinningFor502 Exit
2022-03-08 17:24:40.000606;M3A_Workflow.BinningProcess.BinningFor503 Executing Binning (Milestone3A_BinningRule_503.csv , $(M3A_Workflow.LoadData.DataTable))
2022-03-08 17:24:40.000608;M3A_Workflow.BinningProcess.BinningFor503 Exit
2022-03-08 17:24:40.000608;M3A_Workflow.BinningProcess.BinningFor504 Executing Binning (Milestone3A_BinningRule_504.csv , $(M3A_Workflow.LoadData.DataTable))
2022-03-08 17:24:40.000610;M3A_Workflow.BinningProcess.BinningFor504 Exit
2022-03-08 17:24:40.000610;M3A_Workflow.BinningProcess Exit
2022-03-08 17:24:40.000610;M3A_Workflow.MergeBinningResults Entry
2022-03-08 17:25:01.000108;M3A_Workflow.MergeBinningResults Executing MergeResults (Milestone3A_PrecedenceFile1.txt , $(M3A_Workflow.BinningProcess.BinningFor500.BinningResultsTable) , $(M3A_Workflow.BinningProcess.BinningFor501.BinningResultsTable) , $(M3A_Workflow.BinningProcess.BinningFor502.BinningResultsTable) , $(M3A_Workflow.BinningProcess.BinningFor503.BinningResultsTable) , $(M3A_Workflow.BinningProcess.BinningFor504.BinningResultsTable) )
2022-03-08 17:25:01.000108;M3A_Workflow.MergeBinningResults Exit
2022-03-08 17:25:01.000108;M3A_Workflow.ExportResult Entry
2022-03-08 17:25:01.000108;M3A_Workflow.ExportResult Executing ExportResults (Milestone3A_DataOutput1.csv , $(M3A_Workflow.MergeBinningResults.MergedResults))
2022-03-08 17:25:01.000127;M3A_Workflow.ExportResult Exit
2022-03-08 17:25:01.000127;M3A_Workflow Exit
